<?xml version="1.0" encoding="UTF-8"?>
<testng-results skipped="0" failed="0" ignored="0" total="1" passed="1">
  <reporter-output>
  </reporter-output>
  <suite name="Default suite" duration-ms="56267" started-at="2022-07-29T15:07:42 IST" finished-at="2022-07-29T15:08:39 IST">
    <groups>
    </groups>
    <test name="Default test" duration-ms="56267" started-at="2022-07-29T15:07:42 IST" finished-at="2022-07-29T15:08:39 IST">
      <class name="Testcase.TC_GOIbibo_Test">
        <test-method status="PASS" signature="before()[pri:0, instance:Testcase.TC_GOIbibo_Test@306f16f3]" name="before" is-config="true" duration-ms="14063" started-at="2022-07-29T15:07:43 IST" finished-at="2022-07-29T15:07:57 IST">
          <reporter-output>
          </reporter-output>
        </test-method> <!-- before -->
        <test-method status="PASS" signature="main()[pri:0, instance:Testcase.TC_GOIbibo_Test@306f16f3]" name="main" duration-ms="37648" started-at="2022-07-29T15:07:57 IST" finished-at="2022-07-29T15:08:34 IST">
          <reporter-output>
          </reporter-output>
        </test-method> <!-- main -->
        <test-method status="PASS" signature="after()[pri:0, instance:Testcase.TC_GOIbibo_Test@306f16f3]" name="after" is-config="true" duration-ms="4088" started-at="2022-07-29T15:08:35 IST" finished-at="2022-07-29T15:08:39 IST">
          <reporter-output>
          </reporter-output>
        </test-method> <!-- after -->
      </class> <!-- Testcase.TC_GOIbibo_Test -->
    </test> <!-- Default test -->
  </suite> <!-- Default suite -->
</testng-results>
